<?xml version="1.0" encoding="UTF-8"?>
<testsuite xmlns:xsi="http://www.w3.org/2001/XMLSchema-instance" xsi:noNamespaceSchemaLocation="https://maven.apache.org/surefire/maven-surefire-plugin/xsd/surefire-test-report-3.0.xsd" version="3.0" name="com.translator.domain.model.BookTest" time="0.005" tests="8" errors="0" skipped="0" failures="0">
  <properties>
[...]
</properties>
  <testcase name="testAddPage" classname="com.translator.domain.model.BookTest" time="0.0"/>
  <testcase name="testUpdateMetadata" classname="com.translator.domain.model.BookTest" time="0.001"/>
  <testcase name="testTranslationProgress" classname="com.translator.domain.model.BookTest" time="0.0"/>
  <testcase name="testTranslationStatusTransitions" classname="com.translator.domain.model.BookTest" time="0.0"/>
  <testcase name="testBookCreation" classname="com.translator.domain.model.BookTest" time="0.0"/>
  <testcase name="testTranslatedFileNameGeneration" classname="com.translator.domain.model.BookTest" time="0.001"/>
  <testcase name="testTranslationFailed" classname="com.translator.domain.model.BookTest" time="0.001"/>
  <testcase name="testImmutablePagesList" classname="com.translator.domain.model.BookTest" time="0.0"/>
</testsuite>