<?xml version="1.0" encoding="UTF-8"?>
<testsuite xmlns:xsi="http://www.w3.org/2001/XMLSchema-instance" xsi:noNamespaceSchemaLocation="https://maven.apache.org/surefire/maven-surefire-plugin/xsd/surefire-test-report-3.0.xsd" version="3.0" name="com.translator.application.service.BookApplicationServiceTest" time="0.577" tests="7" errors="0" skipped="0" failures="2">
  <properties>
[...]
</properties>
  <testcase name="testGetTranslationProgress" classname="com.translator.application.service.BookApplicationServiceTest" time="0.537">
    <failure message="expected: &lt;test-book-id&gt; but was: &lt;7f1c4ef3-2615-4022-be5d-94c181cccf3f&gt;" type="org.opentest4j.AssertionFailedError"><![CDATA[org.opentest4j.AssertionFailedError: expected: <test-book-id> but was: <7f1c4ef3-2615-4022-be5d-94c181cccf3f>
	at org.junit.jupiter.api.AssertionFailureBuilder.build(AssertionFailureBuilder.java:151)
	at org.junit.jupiter.api.AssertionFailureBuilder.buildAndThrow(AssertionFailureBuilder.java:132)
	at org.junit.jupiter.api.AssertEquals.failNotEqual(AssertEquals.java:197)
	at org.junit.jupiter.api.AssertEquals.assertEquals(AssertEquals.java:182)
	at org.junit.jupiter.api.AssertEquals.assertEquals(AssertEquals.java:177)
	at org.junit.jupiter.api.Assertions.assertEquals(Assertions.java:1145)
	at com.translator.application.service.BookApplicationServiceTest.testGetTranslationProgress(BookApplicationServiceTest.java:148)
	at java.base/java.lang.reflect.Method.invoke(Method.java:580)
	at java.base/java.util.ArrayList.forEach(ArrayList.java:1596)
	at java.base/java.util.ArrayList.forEach(ArrayList.java:1596)
]]></failure>
    <system-err><![CDATA[WARNING: A Java agent has been loaded dynamically (/Users/linmiao/.m2/repository/net/bytebuddy/byte-buddy-agent/1.14.10/byte-buddy-agent-1.14.10.jar)
WARNING: If a serviceability tool is in use, please run with -XX:+EnableDynamicAgentLoading to hide this warning
WARNING: If a serviceability tool is not in use, please run with -Djdk.instrument.traceUsage for more information
WARNING: Dynamic loading of agents will be disallowed by default in a future release
]]></system-err>
  </testcase>
  <testcase name="testGetBook" classname="com.translator.application.service.BookApplicationServiceTest" time="0.003">
    <failure message="expected: &lt;test-book-id&gt; but was: &lt;b001f59f-3f6e-4d2b-95ee-dc46ab28043c&gt;" type="org.opentest4j.AssertionFailedError"><![CDATA[org.opentest4j.AssertionFailedError: expected: <test-book-id> but was: <b001f59f-3f6e-4d2b-95ee-dc46ab28043c>
	at org.junit.jupiter.api.AssertionFailureBuilder.build(AssertionFailureBuilder.java:151)
	at org.junit.jupiter.api.AssertionFailureBuilder.buildAndThrow(AssertionFailureBuilder.java:132)
	at org.junit.jupiter.api.AssertEquals.failNotEqual(AssertEquals.java:197)
	at org.junit.jupiter.api.AssertEquals.assertEquals(AssertEquals.java:182)
	at org.junit.jupiter.api.AssertEquals.assertEquals(AssertEquals.java:177)
	at org.junit.jupiter.api.Assertions.assertEquals(Assertions.java:1145)
	at com.translator.application.service.BookApplicationServiceTest.testGetBook(BookApplicationServiceTest.java:197)
	at java.base/java.lang.reflect.Method.invoke(Method.java:580)
	at java.base/java.util.ArrayList.forEach(ArrayList.java:1596)
	at java.base/java.util.ArrayList.forEach(ArrayList.java:1596)
]]></failure>
  </testcase>
  <testcase name="testTranslateBookSuccess" classname="com.translator.application.service.BookApplicationServiceTest" time="0.011">
    <system-out><![CDATA[18:17:16.531 [main] INFO com.translator.application.service.BookApplicationService -- 开始翻译书籍: /path/to/test.epub
18:17:16.533 [main] INFO com.translator.application.service.BookApplicationService -- 书籍翻译完成: test.epub
]]></system-out>
  </testcase>
  <testcase name="testGetTranslationProgressBookNotFound" classname="com.translator.application.service.BookApplicationServiceTest" time="0.002"/>
  <testcase name="testDeleteBook" classname="com.translator.application.service.BookApplicationServiceTest" time="0.001"/>
  <testcase name="testDeleteNonExistentBook" classname="com.translator.application.service.BookApplicationServiceTest" time="0.002"/>
  <testcase name="testTranslateBookServiceUnavailable" classname="com.translator.application.service.BookApplicationServiceTest" time="0.002">
    <system-out><![CDATA[18:17:16.546 [main] INFO com.translator.application.service.BookApplicationService -- 开始翻译书籍: /path/to/test.epub
]]></system-out>
  </testcase>
</testsuite>